15:21:46.121 [main] INFO  server.Server - server started sucessfully.
15:21:55.782 [nioEventLoopGroup-1-0] INFO  server.ServerHandler - [/127.0.0.1:58192] Client connection
15:21:55.810 [nioEventLoopGroup-1-0] INFO  server.ServerHandler - Login request
15:21:55.814 [pool-2-thread-1] INFO  businessthread.BusinessThread - Client login request
15:21:56.024 [pool-2-thread-1] INFO  org.mongodb.driver.cluster - Cluster created with settings {hosts=[localhost:27017], mode=SINGLE, requiredClusterType=UNKNOWN, serverSelectionTimeout='30000 ms', maxWaitQueueSize=500}
15:21:56.081 [pool-2-thread-1] INFO  businessthread.BusinessThread - Connect to database successfully.
15:21:56.100 [pool-2-thread-1] INFO  org.mongodb.driver.cluster - No server chosen by ReadPreferenceServerSelector{readPreference=primary} from cluster description ClusterDescription{type=UNKNOWN, connectionMode=SINGLE, serverDescriptions=[ServerDescription{address=localhost:27017, type=UNKNOWN, state=CONNECTING}]}. Waiting for 30000 ms before timing out
15:21:57.089 [cluster-ClusterId{value='5d3ff0145d434b6b38c82b32', description='null'}-localhost:27017] INFO  org.mongodb.driver.cluster - Exception in monitor thread while connecting to server localhost:27017
com.mongodb.MongoSocketOpenException: Exception opening socket
	at com.mongodb.connection.SocketStream.open(SocketStream.java:63)
	at com.mongodb.connection.InternalStreamConnection.open(InternalStreamConnection.java:115)
	at com.mongodb.connection.DefaultServerMonitor$ServerMonitorRunnable.run(DefaultServerMonitor.java:113)
	at java.lang.Thread.run(Thread.java:745)
Caused by: java.net.ConnectException: Connection refused: connect
	at java.net.DualStackPlainSocketImpl.waitForConnect(Native Method)
	at java.net.DualStackPlainSocketImpl.socketConnect(DualStackPlainSocketImpl.java:85)
	at java.net.AbstractPlainSocketImpl.doConnect(AbstractPlainSocketImpl.java:339)
	at java.net.AbstractPlainSocketImpl.connectToAddress(AbstractPlainSocketImpl.java:200)
	at java.net.AbstractPlainSocketImpl.connect(AbstractPlainSocketImpl.java:182)
	at java.net.PlainSocketImpl.connect(PlainSocketImpl.java:172)
	at java.net.SocksSocketImpl.connect(SocksSocketImpl.java:392)
	at java.net.Socket.connect(Socket.java:579)
	at com.mongodb.connection.SocketStreamHelper.initialize(SocketStreamHelper.java:57)
	at com.mongodb.connection.SocketStream.open(SocketStream.java:58)
	... 3 common frames omitted
15:22:05.815 [nioEventLoopGroup-1-0] INFO  server.ServerHandler - [/127.0.0.1:58192] Client disconnects
15:22:05.816 [nioEventLoopGroup-1-0] INFO  server.ServerHandler - [/127.0.0.1:58192] Delete this from the group
15:22:05.816 [nioEventLoopGroup-1-0] ERROR server.ServerHandler - 异常
15:22:22.137 [main] INFO  server.Server - server started sucessfully.
15:22:27.669 [nioEventLoopGroup-1-0] INFO  server.ServerHandler - [/127.0.0.1:58268] Client connection
15:22:27.698 [nioEventLoopGroup-1-0] INFO  server.ServerHandler - Login request
15:22:27.701 [pool-2-thread-1] INFO  businessthread.BusinessThread - Client login request
15:22:27.912 [pool-2-thread-1] INFO  org.mongodb.driver.cluster - Cluster created with settings {hosts=[localhost:27017], mode=SINGLE, requiredClusterType=UNKNOWN, serverSelectionTimeout='30000 ms', maxWaitQueueSize=500}
15:22:27.974 [pool-2-thread-1] INFO  businessthread.BusinessThread - Connect to database successfully.
15:22:27.995 [pool-2-thread-1] INFO  org.mongodb.driver.cluster - No server chosen by ReadPreferenceServerSelector{readPreference=primary} from cluster description ClusterDescription{type=UNKNOWN, connectionMode=SINGLE, serverDescriptions=[ServerDescription{address=localhost:27017, type=UNKNOWN, state=CONNECTING}]}. Waiting for 30000 ms before timing out
15:22:28.990 [cluster-ClusterId{value='5d3ff0335d434b6f7c76e93c', description='null'}-localhost:27017] INFO  org.mongodb.driver.cluster - Exception in monitor thread while connecting to server localhost:27017
com.mongodb.MongoSocketOpenException: Exception opening socket
	at com.mongodb.connection.SocketStream.open(SocketStream.java:63)
	at com.mongodb.connection.InternalStreamConnection.open(InternalStreamConnection.java:115)
	at com.mongodb.connection.DefaultServerMonitor$ServerMonitorRunnable.run(DefaultServerMonitor.java:113)
	at java.lang.Thread.run(Thread.java:745)
Caused by: java.net.ConnectException: Connection refused: connect
	at java.net.DualStackPlainSocketImpl.waitForConnect(Native Method)
	at java.net.DualStackPlainSocketImpl.socketConnect(DualStackPlainSocketImpl.java:85)
	at java.net.AbstractPlainSocketImpl.doConnect(AbstractPlainSocketImpl.java:339)
	at java.net.AbstractPlainSocketImpl.connectToAddress(AbstractPlainSocketImpl.java:200)
	at java.net.AbstractPlainSocketImpl.connect(AbstractPlainSocketImpl.java:182)
	at java.net.PlainSocketImpl.connect(PlainSocketImpl.java:172)
	at java.net.SocksSocketImpl.connect(SocksSocketImpl.java:392)
	at java.net.Socket.connect(Socket.java:579)
	at com.mongodb.connection.SocketStreamHelper.initialize(SocketStreamHelper.java:57)
	at com.mongodb.connection.SocketStream.open(SocketStream.java:58)
	... 3 common frames omitted
15:22:37.701 [nioEventLoopGroup-1-0] INFO  server.ServerHandler - [/127.0.0.1:58268] Client disconnects
15:22:37.702 [nioEventLoopGroup-1-0] INFO  server.ServerHandler - [/127.0.0.1:58268] Delete this from the group
15:22:37.702 [nioEventLoopGroup-1-0] ERROR server.ServerHandler - 异常
15:41:47.535 [main] INFO  server.Server - server started sucessfully.
16:50:47.666 [main] INFO  server.Server - server started sucessfully.
17:55:27.473 [main] INFO  server.Server - server started sucessfully.
18:17:48.207 [main] INFO  server.Server - server started sucessfully.
18:17:53.010 [nioEventLoopGroup-1-0] INFO  server.ServerHandler - [/127.0.0.1:58479] Client connection
18:17:53.040 [nioEventLoopGroup-1-1] INFO  server.ServerHandler - Login request
18:17:53.043 [pool-2-thread-1] INFO  businessthread.BusinessThread - Client login request
18:18:03.050 [nioEventLoopGroup-1-1] INFO  server.ServerHandler - [/127.0.0.1:58479] Client disconnects
18:18:03.051 [nioEventLoopGroup-1-1] INFO  server.ServerHandler - [/127.0.0.1:58479] Delete this from the group
18:18:03.052 [nioEventLoopGroup-1-1] ERROR server.ServerHandler - 异常
18:18:36.771 [nioEventLoopGroup-1-3] INFO  server.ServerHandler - [/127.0.0.1:53673] Client connection
18:18:36.803 [nioEventLoopGroup-1-3] INFO  server.ServerHandler - Login request
18:18:36.803 [pool-2-thread-2] INFO  businessthread.BusinessThread - Client login request
18:18:46.805 [nioEventLoopGroup-1-3] INFO  server.ServerHandler - [/127.0.0.1:53673] Client disconnects
18:18:46.806 [nioEventLoopGroup-1-3] INFO  server.ServerHandler - [/127.0.0.1:53673] Delete this from the group
18:18:46.806 [nioEventLoopGroup-1-3] ERROR server.ServerHandler - 异常
