15:18:47.243 [main] INFO  server.Server - server started sucessfully.
15:18:57.930 [nioEventLoopGroup-1-0] INFO  server.ServerHandler - [/127.0.0.1:64061] Client connection
15:18:58.018 [nioEventLoopGroup-1-0] INFO  server.ServerHandler - Login request
15:18:58.023 [pool-2-thread-1] INFO  businessthread.BusinessThread - Client login request
15:18:58.473 [pool-2-thread-1] INFO  org.mongodb.driver.cluster - Cluster created with settings {hosts=[localhost:27017], mode=SINGLE, requiredClusterType=UNKNOWN, serverSelectionTimeout='30000 ms', maxWaitQueueSize=500}
15:18:58.634 [pool-2-thread-1] INFO  businessthread.BusinessThread - Connect to database successfully.
15:18:58.717 [cluster-ClusterId{value='5cda6be24bf9bb090e228489', description='null'}-localhost:27017] INFO  org.mongodb.driver.connection - Opened connection [connectionId{localValue:1, serverValue:123}] to localhost:27017
15:18:58.719 [cluster-ClusterId{value='5cda6be24bf9bb090e228489', description='null'}-localhost:27017] INFO  org.mongodb.driver.cluster - Monitor thread successfully connected to server with description ServerDescription{address=localhost:27017, type=STANDALONE, state=CONNECTED, ok=true, version=ServerVersion{versionList=[4, 0, 8]}, minWireVersion=0, maxWireVersion=7, maxDocumentSize=16777216, roundTripTimeNanos=1009000}
15:18:58.732 [pool-2-thread-1] INFO  org.mongodb.driver.connection - Opened connection [connectionId{localValue:2, serverValue:124}] to localhost:27017
15:18:58.823 [nioEventLoopGroup-0-0] INFO  client.Client - Successful connection.
15:18:58.827 [Thread-0] INFO  client.Heart - Send heart Message
15:19:08.867 [nioEventLoopGroup-1-0] INFO  server.ServerHandler - Store information to the database in ten seconds
15:19:08.876 [pool-2-thread-2] INFO  org.mongodb.driver.cluster - Cluster created with settings {hosts=[localhost:27017], mode=SINGLE, requiredClusterType=UNKNOWN, serverSelectionTimeout='30000 ms', maxWaitQueueSize=500}
15:19:08.881 [pool-2-thread-2] INFO  businessthread.BusinessThread - Connect to database successfully.
15:19:08.883 [pool-2-thread-2] INFO  org.mongodb.driver.cluster - No server chosen by ReadPreferenceServerSelector{readPreference=primary} from cluster description ClusterDescription{type=UNKNOWN, connectionMode=SINGLE, serverDescriptions=[ServerDescription{address=localhost:27017, type=UNKNOWN, state=CONNECTING}]}. Waiting for 30000 ms before timing out
15:19:08.887 [cluster-ClusterId{value='5cda6bec4bf9bb090e22848a', description='null'}-localhost:27017] INFO  org.mongodb.driver.connection - Opened connection [connectionId{localValue:3, serverValue:125}] to localhost:27017
15:19:08.889 [cluster-ClusterId{value='5cda6bec4bf9bb090e22848a', description='null'}-localhost:27017] INFO  org.mongodb.driver.cluster - Monitor thread successfully connected to server with description ServerDescription{address=localhost:27017, type=STANDALONE, state=CONNECTED, ok=true, version=ServerVersion{versionList=[4, 0, 8]}, minWireVersion=0, maxWireVersion=7, maxDocumentSize=16777216, roundTripTimeNanos=1049000}
15:19:08.894 [pool-2-thread-2] INFO  org.mongodb.driver.connection - Opened connection [connectionId{localValue:4, serverValue:126}] to localhost:27017
15:19:18.892 [nioEventLoopGroup-1-0] INFO  server.ServerHandler - Store information to the database in ten seconds
15:19:18.901 [pool-2-thread-1] INFO  org.mongodb.driver.cluster - Cluster created with settings {hosts=[localhost:27017], mode=SINGLE, requiredClusterType=UNKNOWN, serverSelectionTimeout='30000 ms', maxWaitQueueSize=500}
15:19:18.905 [pool-2-thread-1] INFO  businessthread.BusinessThread - Connect to database successfully.
15:19:18.906 [pool-2-thread-1] INFO  org.mongodb.driver.cluster - No server chosen by ReadPreferenceServerSelector{readPreference=primary} from cluster description ClusterDescription{type=UNKNOWN, connectionMode=SINGLE, serverDescriptions=[ServerDescription{address=localhost:27017, type=UNKNOWN, state=CONNECTING}]}. Waiting for 30000 ms before timing out
15:19:18.911 [cluster-ClusterId{value='5cda6bf64bf9bb090e22848b', description='null'}-localhost:27017] INFO  org.mongodb.driver.connection - Opened connection [connectionId{localValue:5, serverValue:127}] to localhost:27017
15:19:18.913 [cluster-ClusterId{value='5cda6bf64bf9bb090e22848b', description='null'}-localhost:27017] INFO  org.mongodb.driver.cluster - Monitor thread successfully connected to server with description ServerDescription{address=localhost:27017, type=STANDALONE, state=CONNECTED, ok=true, version=ServerVersion{versionList=[4, 0, 8]}, minWireVersion=0, maxWireVersion=7, maxDocumentSize=16777216, roundTripTimeNanos=1242000}
15:19:18.920 [pool-2-thread-1] INFO  org.mongodb.driver.connection - Opened connection [connectionId{localValue:6, serverValue:128}] to localhost:27017
15:19:28.917 [nioEventLoopGroup-1-0] INFO  server.ServerHandler - Store information to the database in ten seconds
15:19:28.926 [pool-2-thread-2] INFO  org.mongodb.driver.cluster - Cluster created with settings {hosts=[localhost:27017], mode=SINGLE, requiredClusterType=UNKNOWN, serverSelectionTimeout='30000 ms', maxWaitQueueSize=500}
15:19:28.929 [pool-2-thread-2] INFO  businessthread.BusinessThread - Connect to database successfully.
15:19:28.930 [pool-2-thread-2] INFO  org.mongodb.driver.cluster - No server chosen by ReadPreferenceServerSelector{readPreference=primary} from cluster description ClusterDescription{type=UNKNOWN, connectionMode=SINGLE, serverDescriptions=[ServerDescription{address=localhost:27017, type=UNKNOWN, state=CONNECTING}]}. Waiting for 30000 ms before timing out
15:19:28.937 [cluster-ClusterId{value='5cda6c004bf9bb090e22848c', description='null'}-localhost:27017] INFO  org.mongodb.driver.connection - Opened connection [connectionId{localValue:7, serverValue:129}] to localhost:27017
15:19:28.939 [cluster-ClusterId{value='5cda6c004bf9bb090e22848c', description='null'}-localhost:27017] INFO  org.mongodb.driver.cluster - Monitor thread successfully connected to server with description ServerDescription{address=localhost:27017, type=STANDALONE, state=CONNECTED, ok=true, version=ServerVersion{versionList=[4, 0, 8]}, minWireVersion=0, maxWireVersion=7, maxDocumentSize=16777216, roundTripTimeNanos=1206000}
15:19:28.953 [pool-2-thread-2] INFO  org.mongodb.driver.connection - Opened connection [connectionId{localValue:8, serverValue:130}] to localhost:27017
15:19:38.949 [nioEventLoopGroup-1-0] INFO  server.ServerHandler - Store information to the database in ten seconds
15:19:38.958 [pool-2-thread-1] INFO  org.mongodb.driver.cluster - Cluster created with settings {hosts=[localhost:27017], mode=SINGLE, requiredClusterType=UNKNOWN, serverSelectionTimeout='30000 ms', maxWaitQueueSize=500}
15:19:38.962 [pool-2-thread-1] INFO  businessthread.BusinessThread - Connect to database successfully.
15:19:38.963 [pool-2-thread-1] INFO  org.mongodb.driver.cluster - No server chosen by ReadPreferenceServerSelector{readPreference=primary} from cluster description ClusterDescription{type=UNKNOWN, connectionMode=SINGLE, serverDescriptions=[ServerDescription{address=localhost:27017, type=UNKNOWN, state=CONNECTING}]}. Waiting for 30000 ms before timing out
15:19:38.968 [cluster-ClusterId{value='5cda6c0a4bf9bb090e22848d', description='null'}-localhost:27017] INFO  org.mongodb.driver.connection - Opened connection [connectionId{localValue:9, serverValue:131}] to localhost:27017
15:19:38.969 [cluster-ClusterId{value='5cda6c0a4bf9bb090e22848d', description='null'}-localhost:27017] INFO  org.mongodb.driver.cluster - Monitor thread successfully connected to server with description ServerDescription{address=localhost:27017, type=STANDALONE, state=CONNECTED, ok=true, version=ServerVersion{versionList=[4, 0, 8]}, minWireVersion=0, maxWireVersion=7, maxDocumentSize=16777216, roundTripTimeNanos=883000}
15:19:38.975 [pool-2-thread-1] INFO  org.mongodb.driver.connection - Opened connection [connectionId{localValue:10, serverValue:132}] to localhost:27017
15:19:48.974 [nioEventLoopGroup-1-0] INFO  server.ServerHandler - Store information to the database in ten seconds
15:19:48.975 [pool-2-thread-2] INFO  org.mongodb.driver.cluster - Cluster created with settings {hosts=[localhost:27017], mode=SINGLE, requiredClusterType=UNKNOWN, serverSelectionTimeout='30000 ms', maxWaitQueueSize=500}
15:19:48.978 [pool-2-thread-2] INFO  businessthread.BusinessThread - Connect to database successfully.
15:19:48.979 [pool-2-thread-2] INFO  org.mongodb.driver.cluster - No server chosen by ReadPreferenceServerSelector{readPreference=primary} from cluster description ClusterDescription{type=UNKNOWN, connectionMode=SINGLE, serverDescriptions=[ServerDescription{address=localhost:27017, type=UNKNOWN, state=CONNECTING}]}. Waiting for 30000 ms before timing out
15:19:48.983 [cluster-ClusterId{value='5cda6c144bf9bb090e22848e', description='null'}-localhost:27017] INFO  org.mongodb.driver.connection - Opened connection [connectionId{localValue:11, serverValue:133}] to localhost:27017
15:19:48.984 [cluster-ClusterId{value='5cda6c144bf9bb090e22848e', description='null'}-localhost:27017] INFO  org.mongodb.driver.cluster - Monitor thread successfully connected to server with description ServerDescription{address=localhost:27017, type=STANDALONE, state=CONNECTED, ok=true, version=ServerVersion{versionList=[4, 0, 8]}, minWireVersion=0, maxWireVersion=7, maxDocumentSize=16777216, roundTripTimeNanos=988000}
15:19:48.989 [pool-2-thread-2] INFO  org.mongodb.driver.connection - Opened connection [connectionId{localValue:12, serverValue:134}] to localhost:27017
