16:31:57.324 [main] INFO  server.Server - server started sucessfully.
16:32:16.149 [nioEventLoopGroup-1-0] INFO  server.ServerHandler - [/127.0.0.1:63942] Client connection
16:32:16.196 [nioEventLoopGroup-1-0] INFO  server.ServerHandler - Login request
16:32:16.205 [pool-2-thread-1] INFO  businessthread.BusinessThread - Client login request
16:32:16.765 [pool-2-thread-1] INFO  org.mongodb.driver.cluster - Cluster created with settings {hosts=[localhost:27017], mode=SINGLE, requiredClusterType=UNKNOWN, serverSelectionTimeout='30000 ms', maxWaitQueueSize=500}
16:32:17.002 [pool-2-thread-1] INFO  businessthread.BusinessThread - Connect to database successfully.
16:32:17.060 [pool-2-thread-1] INFO  org.mongodb.driver.cluster - No server chosen by ReadPreferenceServerSelector{readPreference=primary} from cluster description ClusterDescription{type=UNKNOWN, connectionMode=SINGLE, serverDescriptions=[ServerDescription{address=localhost:27017, type=UNKNOWN, state=CONNECTING}]}. Waiting for 30000 ms before timing out
16:32:17.076 [cluster-ClusterId{value='5cb04d108c476215b95acdab', description='null'}-localhost:27017] INFO  org.mongodb.driver.connection - Opened connection [connectionId{localValue:1, serverValue:426}] to localhost:27017
16:32:17.080 [cluster-ClusterId{value='5cb04d108c476215b95acdab', description='null'}-localhost:27017] INFO  org.mongodb.driver.cluster - Monitor thread successfully connected to server with description ServerDescription{address=localhost:27017, type=STANDALONE, state=CONNECTED, ok=true, version=ServerVersion{versionList=[4, 0, 8]}, minWireVersion=0, maxWireVersion=7, maxDocumentSize=16777216, roundTripTimeNanos=1052947}
16:32:17.101 [pool-2-thread-1] INFO  org.mongodb.driver.connection - Opened connection [connectionId{localValue:2, serverValue:427}] to localhost:27017
16:32:17.202 [nioEventLoopGroup-0-0] INFO  client.Client - Successful connection.
16:32:17.206 [Thread-0] INFO  client.Heart - Send heart Message
16:32:27.255 [nioEventLoopGroup-1-0] INFO  server.ServerHandler - Store information to the database in ten seconds
16:32:27.264 [pool-2-thread-2] INFO  org.mongodb.driver.cluster - Cluster created with settings {hosts=[localhost:27017], mode=SINGLE, requiredClusterType=UNKNOWN, serverSelectionTimeout='30000 ms', maxWaitQueueSize=500}
16:32:27.268 [pool-2-thread-2] INFO  businessthread.BusinessThread - Connect to database successfully.
16:32:27.269 [pool-2-thread-2] INFO  org.mongodb.driver.cluster - No server chosen by ReadPreferenceServerSelector{readPreference=primary} from cluster description ClusterDescription{type=UNKNOWN, connectionMode=SINGLE, serverDescriptions=[ServerDescription{address=localhost:27017, type=UNKNOWN, state=CONNECTING}]}. Waiting for 30000 ms before timing out
16:32:27.274 [cluster-ClusterId{value='5cb04d1b8c476215b95acdac', description='null'}-localhost:27017] INFO  org.mongodb.driver.connection - Opened connection [connectionId{localValue:3, serverValue:428}] to localhost:27017
16:32:27.275 [cluster-ClusterId{value='5cb04d1b8c476215b95acdac', description='null'}-localhost:27017] INFO  org.mongodb.driver.cluster - Monitor thread successfully connected to server with description ServerDescription{address=localhost:27017, type=STANDALONE, state=CONNECTED, ok=true, version=ServerVersion{versionList=[4, 0, 8]}, minWireVersion=0, maxWireVersion=7, maxDocumentSize=16777216, roundTripTimeNanos=817572}
16:32:27.280 [pool-2-thread-2] INFO  org.mongodb.driver.connection - Opened connection [connectionId{localValue:4, serverValue:429}] to localhost:27017
16:32:37.291 [nioEventLoopGroup-1-3] INFO  server.ServerHandler - Store information to the database in ten seconds
16:32:37.300 [pool-2-thread-1] INFO  org.mongodb.driver.cluster - Cluster created with settings {hosts=[localhost:27017], mode=SINGLE, requiredClusterType=UNKNOWN, serverSelectionTimeout='30000 ms', maxWaitQueueSize=500}
16:32:37.305 [pool-2-thread-1] INFO  businessthread.BusinessThread - Connect to database successfully.
16:32:37.306 [pool-2-thread-1] INFO  org.mongodb.driver.cluster - No server chosen by ReadPreferenceServerSelector{readPreference=primary} from cluster description ClusterDescription{type=UNKNOWN, connectionMode=SINGLE, serverDescriptions=[ServerDescription{address=localhost:27017, type=UNKNOWN, state=CONNECTING}]}. Waiting for 30000 ms before timing out
16:32:37.311 [cluster-ClusterId{value='5cb04d258c476215b95acdad', description='null'}-localhost:27017] INFO  org.mongodb.driver.connection - Opened connection [connectionId{localValue:5, serverValue:430}] to localhost:27017
16:32:37.313 [cluster-ClusterId{value='5cb04d258c476215b95acdad', description='null'}-localhost:27017] INFO  org.mongodb.driver.cluster - Monitor thread successfully connected to server with description ServerDescription{address=localhost:27017, type=STANDALONE, state=CONNECTED, ok=true, version=ServerVersion{versionList=[4, 0, 8]}, minWireVersion=0, maxWireVersion=7, maxDocumentSize=16777216, roundTripTimeNanos=1040360}
16:32:37.318 [pool-2-thread-1] INFO  org.mongodb.driver.connection - Opened connection [connectionId{localValue:6, serverValue:431}] to localhost:27017
16:32:47.320 [nioEventLoopGroup-1-1] INFO  server.ServerHandler - Store information to the database in ten seconds
16:32:47.329 [pool-2-thread-2] INFO  org.mongodb.driver.cluster - Cluster created with settings {hosts=[localhost:27017], mode=SINGLE, requiredClusterType=UNKNOWN, serverSelectionTimeout='30000 ms', maxWaitQueueSize=500}
16:32:47.332 [pool-2-thread-2] INFO  businessthread.BusinessThread - Connect to database successfully.
16:32:47.333 [pool-2-thread-2] INFO  org.mongodb.driver.cluster - No server chosen by ReadPreferenceServerSelector{readPreference=primary} from cluster description ClusterDescription{type=UNKNOWN, connectionMode=SINGLE, serverDescriptions=[ServerDescription{address=localhost:27017, type=UNKNOWN, state=CONNECTING}]}. Waiting for 30000 ms before timing out
16:32:47.339 [cluster-ClusterId{value='5cb04d2f8c476215b95acdae', description='null'}-localhost:27017] INFO  org.mongodb.driver.connection - Opened connection [connectionId{localValue:7, serverValue:432}] to localhost:27017
16:32:47.340 [cluster-ClusterId{value='5cb04d2f8c476215b95acdae', description='null'}-localhost:27017] INFO  org.mongodb.driver.cluster - Monitor thread successfully connected to server with description ServerDescription{address=localhost:27017, type=STANDALONE, state=CONNECTED, ok=true, version=ServerVersion{versionList=[4, 0, 8]}, minWireVersion=0, maxWireVersion=7, maxDocumentSize=16777216, roundTripTimeNanos=949744}
16:32:47.343 [pool-2-thread-2] INFO  org.mongodb.driver.connection - Opened connection [connectionId{localValue:8, serverValue:433}] to localhost:27017
16:32:57.347 [nioEventLoopGroup-1-1] INFO  server.ServerHandler - Store information to the database in ten seconds
16:32:57.357 [pool-2-thread-1] INFO  org.mongodb.driver.cluster - Cluster created with settings {hosts=[localhost:27017], mode=SINGLE, requiredClusterType=UNKNOWN, serverSelectionTimeout='30000 ms', maxWaitQueueSize=500}
16:32:57.360 [pool-2-thread-1] INFO  businessthread.BusinessThread - Connect to database successfully.
16:32:57.361 [pool-2-thread-1] INFO  org.mongodb.driver.cluster - No server chosen by ReadPreferenceServerSelector{readPreference=primary} from cluster description ClusterDescription{type=UNKNOWN, connectionMode=SINGLE, serverDescriptions=[ServerDescription{address=localhost:27017, type=UNKNOWN, state=CONNECTING}]}. Waiting for 30000 ms before timing out
16:32:57.365 [cluster-ClusterId{value='5cb04d398c476215b95acdaf', description='null'}-localhost:27017] INFO  org.mongodb.driver.connection - Opened connection [connectionId{localValue:9, serverValue:434}] to localhost:27017
16:32:57.367 [cluster-ClusterId{value='5cb04d398c476215b95acdaf', description='null'}-localhost:27017] INFO  org.mongodb.driver.cluster - Monitor thread successfully connected to server with description ServerDescription{address=localhost:27017, type=STANDALONE, state=CONNECTED, ok=true, version=ServerVersion{versionList=[4, 0, 8]}, minWireVersion=0, maxWireVersion=7, maxDocumentSize=16777216, roundTripTimeNanos=799516}
16:32:57.372 [pool-2-thread-1] INFO  org.mongodb.driver.connection - Opened connection [connectionId{localValue:10, serverValue:435}] to localhost:27017
16:33:07.380 [nioEventLoopGroup-1-1] INFO  server.ServerHandler - Store information to the database in ten seconds
16:33:07.389 [pool-2-thread-2] INFO  org.mongodb.driver.cluster - Cluster created with settings {hosts=[localhost:27017], mode=SINGLE, requiredClusterType=UNKNOWN, serverSelectionTimeout='30000 ms', maxWaitQueueSize=500}
16:33:07.395 [pool-2-thread-2] INFO  businessthread.BusinessThread - Connect to database successfully.
16:33:07.396 [pool-2-thread-2] INFO  org.mongodb.driver.cluster - No server chosen by ReadPreferenceServerSelector{readPreference=primary} from cluster description ClusterDescription{type=UNKNOWN, connectionMode=SINGLE, serverDescriptions=[ServerDescription{address=localhost:27017, type=UNKNOWN, state=CONNECTING}]}. Waiting for 30000 ms before timing out
16:33:07.398 [cluster-ClusterId{value='5cb04d438c476215b95acdb0', description='null'}-localhost:27017] INFO  org.mongodb.driver.connection - Opened connection [connectionId{localValue:11, serverValue:436}] to localhost:27017
16:33:07.399 [cluster-ClusterId{value='5cb04d438c476215b95acdb0', description='null'}-localhost:27017] INFO  org.mongodb.driver.cluster - Monitor thread successfully connected to server with description ServerDescription{address=localhost:27017, type=STANDALONE, state=CONNECTED, ok=true, version=ServerVersion{versionList=[4, 0, 8]}, minWireVersion=0, maxWireVersion=7, maxDocumentSize=16777216, roundTripTimeNanos=508197}
16:33:07.402 [pool-2-thread-2] INFO  org.mongodb.driver.connection - Opened connection [connectionId{localValue:12, serverValue:437}] to localhost:27017
16:33:17.411 [nioEventLoopGroup-1-1] INFO  server.ServerHandler - Store information to the database in ten seconds
16:33:17.413 [pool-2-thread-1] INFO  org.mongodb.driver.cluster - Cluster created with settings {hosts=[localhost:27017], mode=SINGLE, requiredClusterType=UNKNOWN, serverSelectionTimeout='30000 ms', maxWaitQueueSize=500}
16:33:17.415 [pool-2-thread-1] INFO  businessthread.BusinessThread - Connect to database successfully.
16:33:17.416 [pool-2-thread-1] INFO  org.mongodb.driver.cluster - No server chosen by ReadPreferenceServerSelector{readPreference=primary} from cluster description ClusterDescription{type=UNKNOWN, connectionMode=SINGLE, serverDescriptions=[ServerDescription{address=localhost:27017, type=UNKNOWN, state=CONNECTING}]}. Waiting for 30000 ms before timing out
16:33:17.419 [cluster-ClusterId{value='5cb04d4d8c476215b95acdb1', description='null'}-localhost:27017] INFO  org.mongodb.driver.connection - Opened connection [connectionId{localValue:13, serverValue:438}] to localhost:27017
16:33:17.420 [cluster-ClusterId{value='5cb04d4d8c476215b95acdb1', description='null'}-localhost:27017] INFO  org.mongodb.driver.cluster - Monitor thread successfully connected to server with description ServerDescription{address=localhost:27017, type=STANDALONE, state=CONNECTED, ok=true, version=ServerVersion{versionList=[4, 0, 8]}, minWireVersion=0, maxWireVersion=7, maxDocumentSize=16777216, roundTripTimeNanos=508868}
16:33:17.431 [pool-2-thread-1] INFO  org.mongodb.driver.connection - Opened connection [connectionId{localValue:14, serverValue:439}] to localhost:27017
16:33:21.186 [nioEventLoopGroup-1-2] INFO  server.ServerHandler - [/127.0.0.1:63942] Delete this from the group
16:33:21.187 [nioEventLoopGroup-1-2] ERROR server.ServerHandler - 异常
