20:03:22.667 [main] INFO  server.Server - server started sucessfully.
20:03:28.190 [nioEventLoopGroup-1-0] INFO  server.ServerHandler - [/127.0.0.1:56989] Client connection
20:03:28.240 [nioEventLoopGroup-1-0] INFO  server.ServerHandler - Login request
20:03:28.248 [pool-2-thread-1] INFO  businessthread.BusinessThread - Client login request
20:03:28.765 [pool-2-thread-1] INFO  org.mongodb.driver.cluster - Cluster created with settings {hosts=[localhost:27017], mode=SINGLE, requiredClusterType=UNKNOWN, serverSelectionTimeout='30000 ms', maxWaitQueueSize=500}
20:03:28.940 [pool-2-thread-1] INFO  businessthread.BusinessThread - Connect to database successfully.
20:03:28.974 [pool-2-thread-1] INFO  org.mongodb.driver.cluster - No server chosen by ReadPreferenceServerSelector{readPreference=primary} from cluster description ClusterDescription{type=UNKNOWN, connectionMode=SINGLE, serverDescriptions=[ServerDescription{address=localhost:27017, type=UNKNOWN, state=CONNECTING}]}. Waiting for 30000 ms before timing out
20:03:28.978 [cluster-ClusterId{value='5caf2d108c47621201d07c6e', description='null'}-localhost:27017] INFO  org.mongodb.driver.connection - Opened connection [connectionId{localValue:1, serverValue:354}] to localhost:27017
20:03:28.980 [cluster-ClusterId{value='5caf2d108c47621201d07c6e', description='null'}-localhost:27017] INFO  org.mongodb.driver.cluster - Monitor thread successfully connected to server with description ServerDescription{address=localhost:27017, type=STANDALONE, state=CONNECTED, ok=true, version=ServerVersion{versionList=[4, 0, 8]}, minWireVersion=0, maxWireVersion=7, maxDocumentSize=16777216, roundTripTimeNanos=807366}
20:03:28.988 [pool-2-thread-1] INFO  org.mongodb.driver.connection - Opened connection [connectionId{localValue:2, serverValue:355}] to localhost:27017
20:03:39.123 [nioEventLoopGroup-1-1] INFO  server.ServerHandler - Store information to the database in ten seconds
20:03:39.132 [pool-2-thread-2] INFO  org.mongodb.driver.cluster - Cluster created with settings {hosts=[localhost:27017], mode=SINGLE, requiredClusterType=UNKNOWN, serverSelectionTimeout='30000 ms', maxWaitQueueSize=500}
20:03:39.135 [pool-2-thread-2] INFO  businessthread.BusinessThread - Connect to database successfully.
20:03:39.136 [pool-2-thread-2] INFO  org.mongodb.driver.cluster - No server chosen by ReadPreferenceServerSelector{readPreference=primary} from cluster description ClusterDescription{type=UNKNOWN, connectionMode=SINGLE, serverDescriptions=[ServerDescription{address=localhost:27017, type=UNKNOWN, state=CONNECTING}]}. Waiting for 30000 ms before timing out
20:03:39.141 [cluster-ClusterId{value='5caf2d1b8c47621201d07c6f', description='null'}-localhost:27017] INFO  org.mongodb.driver.connection - Opened connection [connectionId{localValue:3, serverValue:356}] to localhost:27017
20:03:39.142 [cluster-ClusterId{value='5caf2d1b8c47621201d07c6f', description='null'}-localhost:27017] INFO  org.mongodb.driver.cluster - Monitor thread successfully connected to server with description ServerDescription{address=localhost:27017, type=STANDALONE, state=CONNECTED, ok=true, version=ServerVersion{versionList=[4, 0, 8]}, minWireVersion=0, maxWireVersion=7, maxDocumentSize=16777216, roundTripTimeNanos=637570}
20:03:39.147 [pool-2-thread-2] INFO  org.mongodb.driver.connection - Opened connection [connectionId{localValue:4, serverValue:357}] to localhost:27017
20:03:42.474 [nioEventLoopGroup-0-1] WARN  i.n.channel.DefaultChannelPipeline - An exceptionCaught() event was fired, and it reached at the tail of the pipeline. It usually means the last handler in the pipeline did not handle the exception.
java.io.IOException: Connection reset by peer
	at sun.nio.ch.FileDispatcherImpl.read0(Native Method)
	at sun.nio.ch.SocketDispatcher.read(SocketDispatcher.java:39)
	at sun.nio.ch.IOUtil.readIntoNativeBuffer(IOUtil.java:223)
	at sun.nio.ch.IOUtil.read(IOUtil.java:192)
	at sun.nio.ch.SocketChannelImpl.read(SocketChannelImpl.java:380)
	at io.netty.buffer.PooledUnsafeDirectByteBuf.setBytes(PooledUnsafeDirectByteBuf.java:311)
	at io.netty.buffer.AbstractByteBuf.writeBytes(AbstractByteBuf.java:853)
	at io.netty.channel.socket.nio.NioSocketChannel.doReadBytes(NioSocketChannel.java:240)
	at io.netty.channel.nio.AbstractNioByteChannel$NioByteUnsafe.read(AbstractNioByteChannel.java:115)
	at io.netty.channel.nio.NioEventLoop.processSelectedKey(NioEventLoop.java:514)
	at io.netty.channel.nio.NioEventLoop.processSelectedKeysOptimized(NioEventLoop.java:471)
	at io.netty.channel.nio.NioEventLoop.processSelectedKeys(NioEventLoop.java:385)
	at io.netty.channel.nio.NioEventLoop.run(NioEventLoop.java:351)
	at io.netty.util.concurrent.SingleThreadEventExecutor$2.run(SingleThreadEventExecutor.java:116)
	at io.netty.util.internal.chmv8.ForkJoinTask$RunnableExecuteAction.exec(ForkJoinTask.java:1412)
	at io.netty.util.internal.chmv8.ForkJoinTask.doExec(ForkJoinTask.java:280)
	at io.netty.util.internal.chmv8.ForkJoinPool$WorkQueue.runTask(ForkJoinPool.java:877)
	at io.netty.util.internal.chmv8.ForkJoinPool.scan(ForkJoinPool.java:1706)
	at io.netty.util.internal.chmv8.ForkJoinPool.runWorker(ForkJoinPool.java:1661)
	at io.netty.util.internal.chmv8.ForkJoinWorkerThread.run(ForkJoinWorkerThread.java:126)
20:20:20.506 [main] INFO  server.Server - server started sucessfully.
20:20:27.408 [nioEventLoopGroup-1-0] INFO  server.ServerHandler - [/127.0.0.1:57356] Client connection
20:20:27.465 [nioEventLoopGroup-1-0] INFO  server.ServerHandler - Login request
20:20:27.473 [pool-2-thread-1] INFO  businessthread.BusinessThread - Client login request
20:20:28.011 [pool-2-thread-1] INFO  org.mongodb.driver.cluster - Cluster created with settings {hosts=[localhost:27017], mode=SINGLE, requiredClusterType=UNKNOWN, serverSelectionTimeout='30000 ms', maxWaitQueueSize=500}
20:20:28.187 [pool-2-thread-1] INFO  businessthread.BusinessThread - Connect to database successfully.
20:20:28.226 [pool-2-thread-1] INFO  org.mongodb.driver.cluster - No server chosen by ReadPreferenceServerSelector{readPreference=primary} from cluster description ClusterDescription{type=UNKNOWN, connectionMode=SINGLE, serverDescriptions=[ServerDescription{address=localhost:27017, type=UNKNOWN, state=CONNECTING}]}. Waiting for 30000 ms before timing out
20:20:28.230 [cluster-ClusterId{value='5caf310b8c47621206ad1eb3', description='null'}-localhost:27017] INFO  org.mongodb.driver.connection - Opened connection [connectionId{localValue:1, serverValue:358}] to localhost:27017
20:20:28.233 [cluster-ClusterId{value='5caf310b8c47621206ad1eb3', description='null'}-localhost:27017] INFO  org.mongodb.driver.cluster - Monitor thread successfully connected to server with description ServerDescription{address=localhost:27017, type=STANDALONE, state=CONNECTED, ok=true, version=ServerVersion{versionList=[4, 0, 8]}, minWireVersion=0, maxWireVersion=7, maxDocumentSize=16777216, roundTripTimeNanos=997034}
20:20:28.242 [pool-2-thread-1] INFO  org.mongodb.driver.connection - Opened connection [connectionId{localValue:2, serverValue:359}] to localhost:27017
20:20:38.372 [nioEventLoopGroup-1-1] INFO  server.ServerHandler - Store information to the database in ten seconds
20:20:38.382 [pool-2-thread-2] INFO  org.mongodb.driver.cluster - Cluster created with settings {hosts=[localhost:27017], mode=SINGLE, requiredClusterType=UNKNOWN, serverSelectionTimeout='30000 ms', maxWaitQueueSize=500}
20:20:38.385 [pool-2-thread-2] INFO  businessthread.BusinessThread - Connect to database successfully.
20:20:38.387 [pool-2-thread-2] INFO  org.mongodb.driver.cluster - No server chosen by ReadPreferenceServerSelector{readPreference=primary} from cluster description ClusterDescription{type=UNKNOWN, connectionMode=SINGLE, serverDescriptions=[ServerDescription{address=localhost:27017, type=UNKNOWN, state=CONNECTING}]}. Waiting for 30000 ms before timing out
20:20:38.391 [cluster-ClusterId{value='5caf31168c47621206ad1eb4', description='null'}-localhost:27017] INFO  org.mongodb.driver.connection - Opened connection [connectionId{localValue:3, serverValue:360}] to localhost:27017
20:20:38.392 [cluster-ClusterId{value='5caf31168c47621206ad1eb4', description='null'}-localhost:27017] INFO  org.mongodb.driver.cluster - Monitor thread successfully connected to server with description ServerDescription{address=localhost:27017, type=STANDALONE, state=CONNECTED, ok=true, version=ServerVersion{versionList=[4, 0, 8]}, minWireVersion=0, maxWireVersion=7, maxDocumentSize=16777216, roundTripTimeNanos=651842}
20:20:38.397 [pool-2-thread-2] INFO  org.mongodb.driver.connection - Opened connection [connectionId{localValue:4, serverValue:361}] to localhost:27017
20:20:48.407 [nioEventLoopGroup-1-0] INFO  server.ServerHandler - Store information to the database in ten seconds
20:20:48.415 [pool-2-thread-1] INFO  org.mongodb.driver.cluster - Cluster created with settings {hosts=[localhost:27017], mode=SINGLE, requiredClusterType=UNKNOWN, serverSelectionTimeout='30000 ms', maxWaitQueueSize=500}
20:20:48.418 [pool-2-thread-1] INFO  businessthread.BusinessThread - Connect to database successfully.
20:20:48.418 [pool-2-thread-1] INFO  org.mongodb.driver.cluster - No server chosen by ReadPreferenceServerSelector{readPreference=primary} from cluster description ClusterDescription{type=UNKNOWN, connectionMode=SINGLE, serverDescriptions=[ServerDescription{address=localhost:27017, type=UNKNOWN, state=CONNECTING}]}. Waiting for 30000 ms before timing out
20:20:48.422 [cluster-ClusterId{value='5caf31208c47621206ad1eb5', description='null'}-localhost:27017] INFO  org.mongodb.driver.connection - Opened connection [connectionId{localValue:5, serverValue:362}] to localhost:27017
20:20:48.423 [cluster-ClusterId{value='5caf31208c47621206ad1eb5', description='null'}-localhost:27017] INFO  org.mongodb.driver.cluster - Monitor thread successfully connected to server with description ServerDescription{address=localhost:27017, type=STANDALONE, state=CONNECTED, ok=true, version=ServerVersion{versionList=[4, 0, 8]}, minWireVersion=0, maxWireVersion=7, maxDocumentSize=16777216, roundTripTimeNanos=653926}
20:20:48.429 [pool-2-thread-1] INFO  org.mongodb.driver.connection - Opened connection [connectionId{localValue:6, serverValue:363}] to localhost:27017
20:20:58.438 [nioEventLoopGroup-1-0] INFO  server.ServerHandler - Store information to the database in ten seconds
20:20:58.439 [pool-2-thread-2] INFO  org.mongodb.driver.cluster - Cluster created with settings {hosts=[localhost:27017], mode=SINGLE, requiredClusterType=UNKNOWN, serverSelectionTimeout='30000 ms', maxWaitQueueSize=500}
20:20:58.442 [pool-2-thread-2] INFO  businessthread.BusinessThread - Connect to database successfully.
20:20:58.443 [pool-2-thread-2] INFO  org.mongodb.driver.cluster - No server chosen by ReadPreferenceServerSelector{readPreference=primary} from cluster description ClusterDescription{type=UNKNOWN, connectionMode=SINGLE, serverDescriptions=[ServerDescription{address=localhost:27017, type=UNKNOWN, state=CONNECTING}]}. Waiting for 30000 ms before timing out
20:20:58.448 [cluster-ClusterId{value='5caf312a8c47621206ad1eb6', description='null'}-localhost:27017] INFO  org.mongodb.driver.connection - Opened connection [connectionId{localValue:7, serverValue:364}] to localhost:27017
20:20:58.449 [cluster-ClusterId{value='5caf312a8c47621206ad1eb6', description='null'}-localhost:27017] INFO  org.mongodb.driver.cluster - Monitor thread successfully connected to server with description ServerDescription{address=localhost:27017, type=STANDALONE, state=CONNECTED, ok=true, version=ServerVersion{versionList=[4, 0, 8]}, minWireVersion=0, maxWireVersion=7, maxDocumentSize=16777216, roundTripTimeNanos=769764}
20:20:58.462 [pool-2-thread-2] INFO  org.mongodb.driver.connection - Opened connection [connectionId{localValue:8, serverValue:365}] to localhost:27017
20:21:01.683 [nioEventLoopGroup-0-0] WARN  i.n.channel.DefaultChannelPipeline - An exceptionCaught() event was fired, and it reached at the tail of the pipeline. It usually means the last handler in the pipeline did not handle the exception.
java.io.IOException: Connection reset by peer
	at sun.nio.ch.FileDispatcherImpl.read0(Native Method)
	at sun.nio.ch.SocketDispatcher.read(SocketDispatcher.java:39)
	at sun.nio.ch.IOUtil.readIntoNativeBuffer(IOUtil.java:223)
	at sun.nio.ch.IOUtil.read(IOUtil.java:192)
	at sun.nio.ch.SocketChannelImpl.read(SocketChannelImpl.java:380)
	at io.netty.buffer.PooledUnsafeDirectByteBuf.setBytes(PooledUnsafeDirectByteBuf.java:311)
	at io.netty.buffer.AbstractByteBuf.writeBytes(AbstractByteBuf.java:853)
	at io.netty.channel.socket.nio.NioSocketChannel.doReadBytes(NioSocketChannel.java:240)
	at io.netty.channel.nio.AbstractNioByteChannel$NioByteUnsafe.read(AbstractNioByteChannel.java:115)
	at io.netty.channel.nio.NioEventLoop.processSelectedKey(NioEventLoop.java:514)
	at io.netty.channel.nio.NioEventLoop.processSelectedKeysOptimized(NioEventLoop.java:471)
	at io.netty.channel.nio.NioEventLoop.processSelectedKeys(NioEventLoop.java:385)
	at io.netty.channel.nio.NioEventLoop.run(NioEventLoop.java:351)
	at io.netty.util.concurrent.SingleThreadEventExecutor$2.run(SingleThreadEventExecutor.java:116)
	at io.netty.util.internal.chmv8.ForkJoinTask$RunnableExecuteAction.exec(ForkJoinTask.java:1412)
	at io.netty.util.internal.chmv8.ForkJoinTask.doExec(ForkJoinTask.java:280)
	at io.netty.util.internal.chmv8.ForkJoinPool$WorkQueue.runTask(ForkJoinPool.java:877)
	at io.netty.util.internal.chmv8.ForkJoinPool.scan(ForkJoinPool.java:1706)
	at io.netty.util.internal.chmv8.ForkJoinPool.runWorker(ForkJoinPool.java:1661)
	at io.netty.util.internal.chmv8.ForkJoinWorkerThread.run(ForkJoinWorkerThread.java:126)
20:23:44.304 [main] INFO  server.Server - server started sucessfully.
20:25:05.566 [nioEventLoopGroup-1-0] INFO  server.ServerHandler - [/127.0.0.1:57528] Client connection
20:25:05.638 [nioEventLoopGroup-1-0] INFO  server.ServerHandler - Login request
20:25:05.646 [pool-2-thread-1] INFO  businessthread.BusinessThread - Client login request
20:25:06.197 [pool-2-thread-1] INFO  org.mongodb.driver.cluster - Cluster created with settings {hosts=[localhost:27017], mode=SINGLE, requiredClusterType=UNKNOWN, serverSelectionTimeout='30000 ms', maxWaitQueueSize=500}
20:25:06.363 [pool-2-thread-1] INFO  businessthread.BusinessThread - Connect to database successfully.
20:25:06.395 [pool-2-thread-1] INFO  org.mongodb.driver.cluster - No server chosen by ReadPreferenceServerSelector{readPreference=primary} from cluster description ClusterDescription{type=UNKNOWN, connectionMode=SINGLE, serverDescriptions=[ServerDescription{address=localhost:27017, type=UNKNOWN, state=CONNECTING}]}. Waiting for 30000 ms before timing out
20:25:06.400 [cluster-ClusterId{value='5caf32228c4762120bb53ce6', description='null'}-localhost:27017] INFO  org.mongodb.driver.connection - Opened connection [connectionId{localValue:1, serverValue:366}] to localhost:27017
20:25:06.402 [cluster-ClusterId{value='5caf32228c4762120bb53ce6', description='null'}-localhost:27017] INFO  org.mongodb.driver.cluster - Monitor thread successfully connected to server with description ServerDescription{address=localhost:27017, type=STANDALONE, state=CONNECTED, ok=true, version=ServerVersion{versionList=[4, 0, 8]}, minWireVersion=0, maxWireVersion=7, maxDocumentSize=16777216, roundTripTimeNanos=911917}
20:25:06.410 [pool-2-thread-1] INFO  org.mongodb.driver.connection - Opened connection [connectionId{localValue:2, serverValue:367}] to localhost:27017
20:25:16.556 [nioEventLoopGroup-1-1] INFO  server.ServerHandler - Store information to the database in ten seconds
20:25:16.566 [pool-2-thread-2] INFO  org.mongodb.driver.cluster - Cluster created with settings {hosts=[localhost:27017], mode=SINGLE, requiredClusterType=UNKNOWN, serverSelectionTimeout='30000 ms', maxWaitQueueSize=500}
20:25:16.572 [pool-2-thread-2] INFO  businessthread.BusinessThread - Connect to database successfully.
20:25:16.575 [pool-2-thread-2] INFO  org.mongodb.driver.cluster - No server chosen by ReadPreferenceServerSelector{readPreference=primary} from cluster description ClusterDescription{type=UNKNOWN, connectionMode=SINGLE, serverDescriptions=[ServerDescription{address=localhost:27017, type=UNKNOWN, state=CONNECTING}]}. Waiting for 30000 ms before timing out
20:25:16.587 [cluster-ClusterId{value='5caf322c8c4762120bb53ce7', description='null'}-localhost:27017] INFO  org.mongodb.driver.connection - Opened connection [connectionId{localValue:3, serverValue:368}] to localhost:27017
20:25:16.588 [cluster-ClusterId{value='5caf322c8c4762120bb53ce7', description='null'}-localhost:27017] INFO  org.mongodb.driver.cluster - Monitor thread successfully connected to server with description ServerDescription{address=localhost:27017, type=STANDALONE, state=CONNECTED, ok=true, version=ServerVersion{versionList=[4, 0, 8]}, minWireVersion=0, maxWireVersion=7, maxDocumentSize=16777216, roundTripTimeNanos=682675}
20:25:16.593 [pool-2-thread-2] INFO  org.mongodb.driver.connection - Opened connection [connectionId{localValue:4, serverValue:369}] to localhost:27017
20:25:26.571 [nioEventLoopGroup-1-0] INFO  server.ServerHandler - Store information to the database in ten seconds
20:25:26.573 [pool-2-thread-1] INFO  org.mongodb.driver.cluster - Cluster created with settings {hosts=[localhost:27017], mode=SINGLE, requiredClusterType=UNKNOWN, serverSelectionTimeout='30000 ms', maxWaitQueueSize=500}
20:25:26.576 [pool-2-thread-1] INFO  businessthread.BusinessThread - Connect to database successfully.
20:25:26.577 [pool-2-thread-1] INFO  org.mongodb.driver.cluster - No server chosen by ReadPreferenceServerSelector{readPreference=primary} from cluster description ClusterDescription{type=UNKNOWN, connectionMode=SINGLE, serverDescriptions=[ServerDescription{address=localhost:27017, type=UNKNOWN, state=CONNECTING}]}. Waiting for 30000 ms before timing out
20:25:26.581 [cluster-ClusterId{value='5caf32368c4762120bb53ce8', description='null'}-localhost:27017] INFO  org.mongodb.driver.connection - Opened connection [connectionId{localValue:5, serverValue:370}] to localhost:27017
20:25:26.582 [cluster-ClusterId{value='5caf32368c4762120bb53ce8', description='null'}-localhost:27017] INFO  org.mongodb.driver.cluster - Monitor thread successfully connected to server with description ServerDescription{address=localhost:27017, type=STANDALONE, state=CONNECTED, ok=true, version=ServerVersion{versionList=[4, 0, 8]}, minWireVersion=0, maxWireVersion=7, maxDocumentSize=16777216, roundTripTimeNanos=816586}
20:25:26.585 [pool-2-thread-1] INFO  org.mongodb.driver.connection - Opened connection [connectionId{localValue:6, serverValue:371}] to localhost:27017
20:25:36.596 [nioEventLoopGroup-1-0] INFO  server.ServerHandler - Store information to the database in ten seconds
20:25:36.605 [pool-2-thread-2] INFO  org.mongodb.driver.cluster - Cluster created with settings {hosts=[localhost:27017], mode=SINGLE, requiredClusterType=UNKNOWN, serverSelectionTimeout='30000 ms', maxWaitQueueSize=500}
20:25:36.609 [pool-2-thread-2] INFO  businessthread.BusinessThread - Connect to database successfully.
20:25:36.610 [pool-2-thread-2] INFO  org.mongodb.driver.cluster - No server chosen by ReadPreferenceServerSelector{readPreference=primary} from cluster description ClusterDescription{type=UNKNOWN, connectionMode=SINGLE, serverDescriptions=[ServerDescription{address=localhost:27017, type=UNKNOWN, state=CONNECTING}]}. Waiting for 30000 ms before timing out
20:25:36.616 [cluster-ClusterId{value='5caf32408c4762120bb53ce9', description='null'}-localhost:27017] INFO  org.mongodb.driver.connection - Opened connection [connectionId{localValue:7, serverValue:372}] to localhost:27017
20:25:36.618 [cluster-ClusterId{value='5caf32408c4762120bb53ce9', description='null'}-localhost:27017] INFO  org.mongodb.driver.cluster - Monitor thread successfully connected to server with description ServerDescription{address=localhost:27017, type=STANDALONE, state=CONNECTED, ok=true, version=ServerVersion{versionList=[4, 0, 8]}, minWireVersion=0, maxWireVersion=7, maxDocumentSize=16777216, roundTripTimeNanos=1429158}
20:25:36.623 [pool-2-thread-2] INFO  org.mongodb.driver.connection - Opened connection [connectionId{localValue:8, serverValue:373}] to localhost:27017
20:25:46.632 [nioEventLoopGroup-1-1] INFO  server.ServerHandler - Store information to the database in ten seconds
20:25:46.634 [pool-2-thread-1] INFO  org.mongodb.driver.cluster - Cluster created with settings {hosts=[localhost:27017], mode=SINGLE, requiredClusterType=UNKNOWN, serverSelectionTimeout='30000 ms', maxWaitQueueSize=500}
20:25:46.639 [pool-2-thread-1] INFO  businessthread.BusinessThread - Connect to database successfully.
20:25:46.640 [pool-2-thread-1] INFO  org.mongodb.driver.cluster - No server chosen by ReadPreferenceServerSelector{readPreference=primary} from cluster description ClusterDescription{type=UNKNOWN, connectionMode=SINGLE, serverDescriptions=[ServerDescription{address=localhost:27017, type=UNKNOWN, state=CONNECTING}]}. Waiting for 30000 ms before timing out
20:25:46.644 [cluster-ClusterId{value='5caf324a8c4762120bb53cea', description='null'}-localhost:27017] INFO  org.mongodb.driver.connection - Opened connection [connectionId{localValue:9, serverValue:374}] to localhost:27017
20:25:46.646 [cluster-ClusterId{value='5caf324a8c4762120bb53cea', description='null'}-localhost:27017] INFO  org.mongodb.driver.cluster - Monitor thread successfully connected to server with description ServerDescription{address=localhost:27017, type=STANDALONE, state=CONNECTED, ok=true, version=ServerVersion{versionList=[4, 0, 8]}, minWireVersion=0, maxWireVersion=7, maxDocumentSize=16777216, roundTripTimeNanos=1216166}
20:25:46.651 [pool-2-thread-1] INFO  org.mongodb.driver.connection - Opened connection [connectionId{localValue:10, serverValue:375}] to localhost:27017
20:25:56.658 [nioEventLoopGroup-1-0] INFO  server.ServerHandler - Store information to the database in ten seconds
20:25:56.667 [pool-2-thread-2] INFO  org.mongodb.driver.cluster - Cluster created with settings {hosts=[localhost:27017], mode=SINGLE, requiredClusterType=UNKNOWN, serverSelectionTimeout='30000 ms', maxWaitQueueSize=500}
20:25:56.670 [pool-2-thread-2] INFO  businessthread.BusinessThread - Connect to database successfully.
20:25:56.670 [pool-2-thread-2] INFO  org.mongodb.driver.cluster - No server chosen by ReadPreferenceServerSelector{readPreference=primary} from cluster description ClusterDescription{type=UNKNOWN, connectionMode=SINGLE, serverDescriptions=[ServerDescription{address=localhost:27017, type=UNKNOWN, state=CONNECTING}]}. Waiting for 30000 ms before timing out
20:25:56.673 [cluster-ClusterId{value='5caf32548c4762120bb53ceb', description='null'}-localhost:27017] INFO  org.mongodb.driver.connection - Opened connection [connectionId{localValue:11, serverValue:376}] to localhost:27017
20:25:56.674 [cluster-ClusterId{value='5caf32548c4762120bb53ceb', description='null'}-localhost:27017] INFO  org.mongodb.driver.cluster - Monitor thread successfully connected to server with description ServerDescription{address=localhost:27017, type=STANDALONE, state=CONNECTED, ok=true, version=ServerVersion{versionList=[4, 0, 8]}, minWireVersion=0, maxWireVersion=7, maxDocumentSize=16777216, roundTripTimeNanos=527927}
20:25:56.679 [pool-2-thread-2] INFO  org.mongodb.driver.connection - Opened connection [connectionId{localValue:12, serverValue:377}] to localhost:27017
20:26:06.691 [nioEventLoopGroup-1-1] INFO  server.ServerHandler - Store information to the database in ten seconds
20:26:06.692 [pool-2-thread-1] INFO  org.mongodb.driver.cluster - Cluster created with settings {hosts=[localhost:27017], mode=SINGLE, requiredClusterType=UNKNOWN, serverSelectionTimeout='30000 ms', maxWaitQueueSize=500}
20:26:06.695 [pool-2-thread-1] INFO  businessthread.BusinessThread - Connect to database successfully.
20:26:06.696 [pool-2-thread-1] INFO  org.mongodb.driver.cluster - No server chosen by ReadPreferenceServerSelector{readPreference=primary} from cluster description ClusterDescription{type=UNKNOWN, connectionMode=SINGLE, serverDescriptions=[ServerDescription{address=localhost:27017, type=UNKNOWN, state=CONNECTING}]}. Waiting for 30000 ms before timing out
20:26:06.699 [cluster-ClusterId{value='5caf325e8c4762120bb53cec', description='null'}-localhost:27017] INFO  org.mongodb.driver.connection - Opened connection [connectionId{localValue:13, serverValue:378}] to localhost:27017
20:26:06.700 [cluster-ClusterId{value='5caf325e8c4762120bb53cec', description='null'}-localhost:27017] INFO  org.mongodb.driver.cluster - Monitor thread successfully connected to server with description ServerDescription{address=localhost:27017, type=STANDALONE, state=CONNECTED, ok=true, version=ServerVersion{versionList=[4, 0, 8]}, minWireVersion=0, maxWireVersion=7, maxDocumentSize=16777216, roundTripTimeNanos=415582}
20:26:06.702 [pool-2-thread-1] INFO  org.mongodb.driver.connection - Opened connection [connectionId{localValue:14, serverValue:379}] to localhost:27017
20:26:16.722 [nioEventLoopGroup-1-0] INFO  server.ServerHandler - Store information to the database in ten seconds
20:26:16.723 [pool-2-thread-2] INFO  org.mongodb.driver.cluster - Cluster created with settings {hosts=[localhost:27017], mode=SINGLE, requiredClusterType=UNKNOWN, serverSelectionTimeout='30000 ms', maxWaitQueueSize=500}
20:26:16.726 [pool-2-thread-2] INFO  businessthread.BusinessThread - Connect to database successfully.
20:26:16.727 [pool-2-thread-2] INFO  org.mongodb.driver.cluster - No server chosen by ReadPreferenceServerSelector{readPreference=primary} from cluster description ClusterDescription{type=UNKNOWN, connectionMode=SINGLE, serverDescriptions=[ServerDescription{address=localhost:27017, type=UNKNOWN, state=CONNECTING}]}. Waiting for 30000 ms before timing out
20:26:16.730 [cluster-ClusterId{value='5caf32688c4762120bb53ced', description='null'}-localhost:27017] INFO  org.mongodb.driver.connection - Opened connection [connectionId{localValue:15, serverValue:380}] to localhost:27017
20:26:16.731 [cluster-ClusterId{value='5caf32688c4762120bb53ced', description='null'}-localhost:27017] INFO  org.mongodb.driver.cluster - Monitor thread successfully connected to server with description ServerDescription{address=localhost:27017, type=STANDALONE, state=CONNECTED, ok=true, version=ServerVersion{versionList=[4, 0, 8]}, minWireVersion=0, maxWireVersion=7, maxDocumentSize=16777216, roundTripTimeNanos=555792}
20:26:16.743 [pool-2-thread-2] INFO  org.mongodb.driver.connection - Opened connection [connectionId{localValue:16, serverValue:381}] to localhost:27017
20:26:26.752 [nioEventLoopGroup-1-0] INFO  server.ServerHandler - Store information to the database in ten seconds
20:26:26.761 [pool-2-thread-1] INFO  org.mongodb.driver.cluster - Cluster created with settings {hosts=[localhost:27017], mode=SINGLE, requiredClusterType=UNKNOWN, serverSelectionTimeout='30000 ms', maxWaitQueueSize=500}
20:26:26.764 [pool-2-thread-1] INFO  businessthread.BusinessThread - Connect to database successfully.
20:26:26.765 [pool-2-thread-1] INFO  org.mongodb.driver.cluster - No server chosen by ReadPreferenceServerSelector{readPreference=primary} from cluster description ClusterDescription{type=UNKNOWN, connectionMode=SINGLE, serverDescriptions=[ServerDescription{address=localhost:27017, type=UNKNOWN, state=CONNECTING}]}. Waiting for 30000 ms before timing out
20:26:26.768 [cluster-ClusterId{value='5caf32728c4762120bb53cee', description='null'}-localhost:27017] INFO  org.mongodb.driver.connection - Opened connection [connectionId{localValue:17, serverValue:382}] to localhost:27017
20:26:26.769 [cluster-ClusterId{value='5caf32728c4762120bb53cee', description='null'}-localhost:27017] INFO  org.mongodb.driver.cluster - Monitor thread successfully connected to server with description ServerDescription{address=localhost:27017, type=STANDALONE, state=CONNECTED, ok=true, version=ServerVersion{versionList=[4, 0, 8]}, minWireVersion=0, maxWireVersion=7, maxDocumentSize=16777216, roundTripTimeNanos=501968}
20:26:26.773 [pool-2-thread-1] INFO  org.mongodb.driver.connection - Opened connection [connectionId{localValue:18, serverValue:383}] to localhost:27017
20:26:36.789 [nioEventLoopGroup-1-0] INFO  server.ServerHandler - Store information to the database in ten seconds
20:26:36.791 [pool-2-thread-2] INFO  org.mongodb.driver.cluster - Cluster created with settings {hosts=[localhost:27017], mode=SINGLE, requiredClusterType=UNKNOWN, serverSelectionTimeout='30000 ms', maxWaitQueueSize=500}
20:26:36.793 [pool-2-thread-2] INFO  businessthread.BusinessThread - Connect to database successfully.
20:26:36.794 [pool-2-thread-2] INFO  org.mongodb.driver.cluster - No server chosen by ReadPreferenceServerSelector{readPreference=primary} from cluster description ClusterDescription{type=UNKNOWN, connectionMode=SINGLE, serverDescriptions=[ServerDescription{address=localhost:27017, type=UNKNOWN, state=CONNECTING}]}. Waiting for 30000 ms before timing out
20:26:36.798 [cluster-ClusterId{value='5caf327c8c4762120bb53cef', description='null'}-localhost:27017] INFO  org.mongodb.driver.connection - Opened connection [connectionId{localValue:19, serverValue:384}] to localhost:27017
20:26:36.799 [cluster-ClusterId{value='5caf327c8c4762120bb53cef', description='null'}-localhost:27017] INFO  org.mongodb.driver.cluster - Monitor thread successfully connected to server with description ServerDescription{address=localhost:27017, type=STANDALONE, state=CONNECTED, ok=true, version=ServerVersion{versionList=[4, 0, 8]}, minWireVersion=0, maxWireVersion=7, maxDocumentSize=16777216, roundTripTimeNanos=493372}
20:26:36.803 [pool-2-thread-2] INFO  org.mongodb.driver.connection - Opened connection [connectionId{localValue:20, serverValue:385}] to localhost:27017
20:26:46.812 [nioEventLoopGroup-1-0] INFO  server.ServerHandler - Store information to the database in ten seconds
20:26:46.821 [pool-2-thread-1] INFO  org.mongodb.driver.cluster - Cluster created with settings {hosts=[localhost:27017], mode=SINGLE, requiredClusterType=UNKNOWN, serverSelectionTimeout='30000 ms', maxWaitQueueSize=500}
20:26:46.823 [pool-2-thread-1] INFO  businessthread.BusinessThread - Connect to database successfully.
20:26:46.824 [pool-2-thread-1] INFO  org.mongodb.driver.cluster - No server chosen by ReadPreferenceServerSelector{readPreference=primary} from cluster description ClusterDescription{type=UNKNOWN, connectionMode=SINGLE, serverDescriptions=[ServerDescription{address=localhost:27017, type=UNKNOWN, state=CONNECTING}]}. Waiting for 30000 ms before timing out
20:26:46.827 [cluster-ClusterId{value='5caf32868c4762120bb53cf0', description='null'}-localhost:27017] INFO  org.mongodb.driver.connection - Opened connection [connectionId{localValue:21, serverValue:386}] to localhost:27017
20:26:46.828 [cluster-ClusterId{value='5caf32868c4762120bb53cf0', description='null'}-localhost:27017] INFO  org.mongodb.driver.cluster - Monitor thread successfully connected to server with description ServerDescription{address=localhost:27017, type=STANDALONE, state=CONNECTED, ok=true, version=ServerVersion{versionList=[4, 0, 8]}, minWireVersion=0, maxWireVersion=7, maxDocumentSize=16777216, roundTripTimeNanos=592956}
20:26:46.831 [pool-2-thread-1] INFO  org.mongodb.driver.connection - Opened connection [connectionId{localValue:22, serverValue:387}] to localhost:27017
20:26:56.835 [nioEventLoopGroup-1-0] INFO  server.ServerHandler - Store information to the database in ten seconds
20:26:56.836 [pool-2-thread-2] INFO  org.mongodb.driver.cluster - Cluster created with settings {hosts=[localhost:27017], mode=SINGLE, requiredClusterType=UNKNOWN, serverSelectionTimeout='30000 ms', maxWaitQueueSize=500}
20:26:56.838 [pool-2-thread-2] INFO  businessthread.BusinessThread - Connect to database successfully.
20:26:56.839 [pool-2-thread-2] INFO  org.mongodb.driver.cluster - No server chosen by ReadPreferenceServerSelector{readPreference=primary} from cluster description ClusterDescription{type=UNKNOWN, connectionMode=SINGLE, serverDescriptions=[ServerDescription{address=localhost:27017, type=UNKNOWN, state=CONNECTING}]}. Waiting for 30000 ms before timing out
20:26:56.841 [cluster-ClusterId{value='5caf32908c4762120bb53cf1', description='null'}-localhost:27017] INFO  org.mongodb.driver.connection - Opened connection [connectionId{localValue:23, serverValue:388}] to localhost:27017
20:26:56.842 [cluster-ClusterId{value='5caf32908c4762120bb53cf1', description='null'}-localhost:27017] INFO  org.mongodb.driver.cluster - Monitor thread successfully connected to server with description ServerDescription{address=localhost:27017, type=STANDALONE, state=CONNECTED, ok=true, version=ServerVersion{versionList=[4, 0, 8]}, minWireVersion=0, maxWireVersion=7, maxDocumentSize=16777216, roundTripTimeNanos=590115}
20:26:56.855 [pool-2-thread-2] INFO  org.mongodb.driver.connection - Opened connection [connectionId{localValue:24, serverValue:389}] to localhost:27017
20:27:06.879 [nioEventLoopGroup-1-4] INFO  server.ServerHandler - Store information to the database in ten seconds
20:27:06.888 [pool-2-thread-1] INFO  org.mongodb.driver.cluster - Cluster created with settings {hosts=[localhost:27017], mode=SINGLE, requiredClusterType=UNKNOWN, serverSelectionTimeout='30000 ms', maxWaitQueueSize=500}
20:27:06.890 [pool-2-thread-1] INFO  businessthread.BusinessThread - Connect to database successfully.
20:27:06.891 [pool-2-thread-1] INFO  org.mongodb.driver.cluster - No server chosen by ReadPreferenceServerSelector{readPreference=primary} from cluster description ClusterDescription{type=UNKNOWN, connectionMode=SINGLE, serverDescriptions=[ServerDescription{address=localhost:27017, type=UNKNOWN, state=CONNECTING}]}. Waiting for 30000 ms before timing out
20:27:06.895 [cluster-ClusterId{value='5caf329a8c4762120bb53cf2', description='null'}-localhost:27017] INFO  org.mongodb.driver.connection - Opened connection [connectionId{localValue:25, serverValue:390}] to localhost:27017
20:27:06.896 [cluster-ClusterId{value='5caf329a8c4762120bb53cf2', description='null'}-localhost:27017] INFO  org.mongodb.driver.cluster - Monitor thread successfully connected to server with description ServerDescription{address=localhost:27017, type=STANDALONE, state=CONNECTED, ok=true, version=ServerVersion{versionList=[4, 0, 8]}, minWireVersion=0, maxWireVersion=7, maxDocumentSize=16777216, roundTripTimeNanos=578542}
20:27:06.899 [pool-2-thread-1] INFO  org.mongodb.driver.connection - Opened connection [connectionId{localValue:26, serverValue:391}] to localhost:27017
20:27:16.910 [nioEventLoopGroup-1-0] INFO  server.ServerHandler - Store information to the database in ten seconds
20:27:16.910 [pool-2-thread-2] INFO  org.mongodb.driver.cluster - Cluster created with settings {hosts=[localhost:27017], mode=SINGLE, requiredClusterType=UNKNOWN, serverSelectionTimeout='30000 ms', maxWaitQueueSize=500}
20:27:16.912 [pool-2-thread-2] INFO  businessthread.BusinessThread - Connect to database successfully.
20:27:16.913 [pool-2-thread-2] INFO  org.mongodb.driver.cluster - No server chosen by ReadPreferenceServerSelector{readPreference=primary} from cluster description ClusterDescription{type=UNKNOWN, connectionMode=SINGLE, serverDescriptions=[ServerDescription{address=localhost:27017, type=UNKNOWN, state=CONNECTING}]}. Waiting for 30000 ms before timing out
20:27:16.925 [cluster-ClusterId{value='5caf32a48c4762120bb53cf3', description='null'}-localhost:27017] INFO  org.mongodb.driver.connection - Opened connection [connectionId{localValue:27, serverValue:392}] to localhost:27017
20:27:16.926 [cluster-ClusterId{value='5caf32a48c4762120bb53cf3', description='null'}-localhost:27017] INFO  org.mongodb.driver.cluster - Monitor thread successfully connected to server with description ServerDescription{address=localhost:27017, type=STANDALONE, state=CONNECTED, ok=true, version=ServerVersion{versionList=[4, 0, 8]}, minWireVersion=0, maxWireVersion=7, maxDocumentSize=16777216, roundTripTimeNanos=720043}
20:27:16.931 [pool-2-thread-2] INFO  org.mongodb.driver.connection - Opened connection [connectionId{localValue:28, serverValue:393}] to localhost:27017
20:27:26.938 [nioEventLoopGroup-1-0] INFO  server.ServerHandler - Store information to the database in ten seconds
20:27:26.948 [pool-2-thread-1] INFO  org.mongodb.driver.cluster - Cluster created with settings {hosts=[localhost:27017], mode=SINGLE, requiredClusterType=UNKNOWN, serverSelectionTimeout='30000 ms', maxWaitQueueSize=500}
20:27:26.950 [pool-2-thread-1] INFO  businessthread.BusinessThread - Connect to database successfully.
20:27:26.951 [pool-2-thread-1] INFO  org.mongodb.driver.cluster - No server chosen by ReadPreferenceServerSelector{readPreference=primary} from cluster description ClusterDescription{type=UNKNOWN, connectionMode=SINGLE, serverDescriptions=[ServerDescription{address=localhost:27017, type=UNKNOWN, state=CONNECTING}]}. Waiting for 30000 ms before timing out
20:27:26.953 [cluster-ClusterId{value='5caf32ae8c4762120bb53cf4', description='null'}-localhost:27017] INFO  org.mongodb.driver.connection - Opened connection [connectionId{localValue:29, serverValue:394}] to localhost:27017
20:27:26.954 [cluster-ClusterId{value='5caf32ae8c4762120bb53cf4', description='null'}-localhost:27017] INFO  org.mongodb.driver.cluster - Monitor thread successfully connected to server with description ServerDescription{address=localhost:27017, type=STANDALONE, state=CONNECTED, ok=true, version=ServerVersion{versionList=[4, 0, 8]}, minWireVersion=0, maxWireVersion=7, maxDocumentSize=16777216, roundTripTimeNanos=490700}
20:27:26.957 [pool-2-thread-1] INFO  org.mongodb.driver.connection - Opened connection [connectionId{localValue:30, serverValue:395}] to localhost:27017
20:27:36.970 [nioEventLoopGroup-1-0] INFO  server.ServerHandler - Store information to the database in ten seconds
20:27:36.970 [pool-2-thread-2] INFO  org.mongodb.driver.cluster - Cluster created with settings {hosts=[localhost:27017], mode=SINGLE, requiredClusterType=UNKNOWN, serverSelectionTimeout='30000 ms', maxWaitQueueSize=500}
20:27:36.972 [pool-2-thread-2] INFO  businessthread.BusinessThread - Connect to database successfully.
20:27:36.973 [pool-2-thread-2] INFO  org.mongodb.driver.cluster - No server chosen by ReadPreferenceServerSelector{readPreference=primary} from cluster description ClusterDescription{type=UNKNOWN, connectionMode=SINGLE, serverDescriptions=[ServerDescription{address=localhost:27017, type=UNKNOWN, state=CONNECTING}]}. Waiting for 30000 ms before timing out
20:27:36.977 [cluster-ClusterId{value='5caf32b88c4762120bb53cf5', description='null'}-localhost:27017] INFO  org.mongodb.driver.connection - Opened connection [connectionId{localValue:31, serverValue:396}] to localhost:27017
20:27:36.978 [cluster-ClusterId{value='5caf32b88c4762120bb53cf5', description='null'}-localhost:27017] INFO  org.mongodb.driver.cluster - Monitor thread successfully connected to server with description ServerDescription{address=localhost:27017, type=STANDALONE, state=CONNECTED, ok=true, version=ServerVersion{versionList=[4, 0, 8]}, minWireVersion=0, maxWireVersion=7, maxDocumentSize=16777216, roundTripTimeNanos=399378}
20:27:36.990 [pool-2-thread-2] INFO  org.mongodb.driver.connection - Opened connection [connectionId{localValue:32, serverValue:397}] to localhost:27017
20:27:47.009 [nioEventLoopGroup-1-0] INFO  server.ServerHandler - Store information to the database in ten seconds
20:27:47.010 [pool-2-thread-1] INFO  org.mongodb.driver.cluster - Cluster created with settings {hosts=[localhost:27017], mode=SINGLE, requiredClusterType=UNKNOWN, serverSelectionTimeout='30000 ms', maxWaitQueueSize=500}
20:27:47.012 [pool-2-thread-1] INFO  businessthread.BusinessThread - Connect to database successfully.
20:27:47.012 [pool-2-thread-1] INFO  org.mongodb.driver.cluster - No server chosen by ReadPreferenceServerSelector{readPreference=primary} from cluster description ClusterDescription{type=UNKNOWN, connectionMode=SINGLE, serverDescriptions=[ServerDescription{address=localhost:27017, type=UNKNOWN, state=CONNECTING}]}. Waiting for 30000 ms before timing out
20:27:47.014 [cluster-ClusterId{value='5caf32c38c4762120bb53cf6', description='null'}-localhost:27017] INFO  org.mongodb.driver.connection - Opened connection [connectionId{localValue:33, serverValue:398}] to localhost:27017
20:27:47.016 [cluster-ClusterId{value='5caf32c38c4762120bb53cf6', description='null'}-localhost:27017] INFO  org.mongodb.driver.cluster - Monitor thread successfully connected to server with description ServerDescription{address=localhost:27017, type=STANDALONE, state=CONNECTED, ok=true, version=ServerVersion{versionList=[4, 0, 8]}, minWireVersion=0, maxWireVersion=7, maxDocumentSize=16777216, roundTripTimeNanos=577718}
20:27:47.018 [pool-2-thread-1] INFO  org.mongodb.driver.connection - Opened connection [connectionId{localValue:34, serverValue:399}] to localhost:27017
20:27:57.042 [nioEventLoopGroup-1-2] INFO  server.ServerHandler - Store information to the database in ten seconds
20:27:57.051 [pool-2-thread-2] INFO  org.mongodb.driver.cluster - Cluster created with settings {hosts=[localhost:27017], mode=SINGLE, requiredClusterType=UNKNOWN, serverSelectionTimeout='30000 ms', maxWaitQueueSize=500}
20:27:57.053 [pool-2-thread-2] INFO  businessthread.BusinessThread - Connect to database successfully.
20:27:57.054 [pool-2-thread-2] INFO  org.mongodb.driver.cluster - No server chosen by ReadPreferenceServerSelector{readPreference=primary} from cluster description ClusterDescription{type=UNKNOWN, connectionMode=SINGLE, serverDescriptions=[ServerDescription{address=localhost:27017, type=UNKNOWN, state=CONNECTING}]}. Waiting for 30000 ms before timing out
20:27:57.056 [cluster-ClusterId{value='5caf32cd8c4762120bb53cf7', description='null'}-localhost:27017] INFO  org.mongodb.driver.connection - Opened connection [connectionId{localValue:35, serverValue:400}] to localhost:27017
20:27:57.056 [cluster-ClusterId{value='5caf32cd8c4762120bb53cf7', description='null'}-localhost:27017] INFO  org.mongodb.driver.cluster - Monitor thread successfully connected to server with description ServerDescription{address=localhost:27017, type=STANDALONE, state=CONNECTED, ok=true, version=ServerVersion{versionList=[4, 0, 8]}, minWireVersion=0, maxWireVersion=7, maxDocumentSize=16777216, roundTripTimeNanos=317526}
20:27:57.059 [pool-2-thread-2] INFO  org.mongodb.driver.connection - Opened connection [connectionId{localValue:36, serverValue:401}] to localhost:27017
20:28:07.075 [nioEventLoopGroup-1-2] INFO  server.ServerHandler - Store information to the database in ten seconds
20:28:07.085 [pool-2-thread-1] INFO  org.mongodb.driver.cluster - Cluster created with settings {hosts=[localhost:27017], mode=SINGLE, requiredClusterType=UNKNOWN, serverSelectionTimeout='30000 ms', maxWaitQueueSize=500}
20:28:07.087 [pool-2-thread-1] INFO  businessthread.BusinessThread - Connect to database successfully.
20:28:07.088 [pool-2-thread-1] INFO  org.mongodb.driver.cluster - No server chosen by ReadPreferenceServerSelector{readPreference=primary} from cluster description ClusterDescription{type=UNKNOWN, connectionMode=SINGLE, serverDescriptions=[ServerDescription{address=localhost:27017, type=UNKNOWN, state=CONNECTING}]}. Waiting for 30000 ms before timing out
20:28:07.095 [cluster-ClusterId{value='5caf32d78c4762120bb53cf8', description='null'}-localhost:27017] INFO  org.mongodb.driver.connection - Opened connection [connectionId{localValue:37, serverValue:402}] to localhost:27017
20:28:07.097 [cluster-ClusterId{value='5caf32d78c4762120bb53cf8', description='null'}-localhost:27017] INFO  org.mongodb.driver.cluster - Monitor thread successfully connected to server with description ServerDescription{address=localhost:27017, type=STANDALONE, state=CONNECTED, ok=true, version=ServerVersion{versionList=[4, 0, 8]}, minWireVersion=0, maxWireVersion=7, maxDocumentSize=16777216, roundTripTimeNanos=623434}
20:28:07.101 [pool-2-thread-1] INFO  org.mongodb.driver.connection - Opened connection [connectionId{localValue:38, serverValue:403}] to localhost:27017
20:28:17.133 [nioEventLoopGroup-1-2] INFO  server.ServerHandler - Store information to the database in ten seconds
20:28:17.139 [pool-2-thread-2] INFO  org.mongodb.driver.cluster - Cluster created with settings {hosts=[localhost:27017], mode=SINGLE, requiredClusterType=UNKNOWN, serverSelectionTimeout='30000 ms', maxWaitQueueSize=500}
20:28:17.147 [pool-2-thread-2] INFO  businessthread.BusinessThread - Connect to database successfully.
20:28:17.147 [pool-2-thread-2] INFO  org.mongodb.driver.cluster - No server chosen by ReadPreferenceServerSelector{readPreference=primary} from cluster description ClusterDescription{type=UNKNOWN, connectionMode=SINGLE, serverDescriptions=[ServerDescription{address=localhost:27017, type=UNKNOWN, state=CONNECTING}]}. Waiting for 30000 ms before timing out
20:28:17.150 [cluster-ClusterId{value='5caf32e18c4762120bb53cf9', description='null'}-localhost:27017] INFO  org.mongodb.driver.connection - Opened connection [connectionId{localValue:39, serverValue:404}] to localhost:27017
20:28:17.152 [cluster-ClusterId{value='5caf32e18c4762120bb53cf9', description='null'}-localhost:27017] INFO  org.mongodb.driver.cluster - Monitor thread successfully connected to server with description ServerDescription{address=localhost:27017, type=STANDALONE, state=CONNECTED, ok=true, version=ServerVersion{versionList=[4, 0, 8]}, minWireVersion=0, maxWireVersion=7, maxDocumentSize=16777216, roundTripTimeNanos=1336475}
20:28:17.157 [pool-2-thread-2] INFO  org.mongodb.driver.connection - Opened connection [connectionId{localValue:40, serverValue:405}] to localhost:27017
20:28:27.135 [nioEventLoopGroup-1-0] INFO  server.ServerHandler - Store information to the database in ten seconds
20:28:27.136 [pool-2-thread-1] INFO  org.mongodb.driver.cluster - Cluster created with settings {hosts=[localhost:27017], mode=SINGLE, requiredClusterType=UNKNOWN, serverSelectionTimeout='30000 ms', maxWaitQueueSize=500}
20:28:27.138 [pool-2-thread-1] INFO  businessthread.BusinessThread - Connect to database successfully.
20:28:27.139 [pool-2-thread-1] INFO  org.mongodb.driver.cluster - No server chosen by ReadPreferenceServerSelector{readPreference=primary} from cluster description ClusterDescription{type=UNKNOWN, connectionMode=SINGLE, serverDescriptions=[ServerDescription{address=localhost:27017, type=UNKNOWN, state=CONNECTING}]}. Waiting for 30000 ms before timing out
20:28:27.141 [cluster-ClusterId{value='5caf32eb8c4762120bb53cfa', description='null'}-localhost:27017] INFO  org.mongodb.driver.connection - Opened connection [connectionId{localValue:41, serverValue:406}] to localhost:27017
20:28:27.142 [cluster-ClusterId{value='5caf32eb8c4762120bb53cfa', description='null'}-localhost:27017] INFO  org.mongodb.driver.cluster - Monitor thread successfully connected to server with description ServerDescription{address=localhost:27017, type=STANDALONE, state=CONNECTED, ok=true, version=ServerVersion{versionList=[4, 0, 8]}, minWireVersion=0, maxWireVersion=7, maxDocumentSize=16777216, roundTripTimeNanos=525315}
20:28:27.145 [pool-2-thread-1] INFO  org.mongodb.driver.connection - Opened connection [connectionId{localValue:42, serverValue:407}] to localhost:27017
20:28:37.165 [nioEventLoopGroup-1-2] INFO  server.ServerHandler - Store information to the database in ten seconds
20:28:37.174 [pool-2-thread-2] INFO  org.mongodb.driver.cluster - Cluster created with settings {hosts=[localhost:27017], mode=SINGLE, requiredClusterType=UNKNOWN, serverSelectionTimeout='30000 ms', maxWaitQueueSize=500}
20:28:37.177 [pool-2-thread-2] INFO  businessthread.BusinessThread - Connect to database successfully.
20:28:37.178 [pool-2-thread-2] INFO  org.mongodb.driver.cluster - No server chosen by ReadPreferenceServerSelector{readPreference=primary} from cluster description ClusterDescription{type=UNKNOWN, connectionMode=SINGLE, serverDescriptions=[ServerDescription{address=localhost:27017, type=UNKNOWN, state=CONNECTING}]}. Waiting for 30000 ms before timing out
20:28:37.182 [cluster-ClusterId{value='5caf32f58c4762120bb53cfb', description='null'}-localhost:27017] INFO  org.mongodb.driver.connection - Opened connection [connectionId{localValue:43, serverValue:408}] to localhost:27017
20:28:37.183 [cluster-ClusterId{value='5caf32f58c4762120bb53cfb', description='null'}-localhost:27017] INFO  org.mongodb.driver.cluster - Monitor thread successfully connected to server with description ServerDescription{address=localhost:27017, type=STANDALONE, state=CONNECTED, ok=true, version=ServerVersion{versionList=[4, 0, 8]}, minWireVersion=0, maxWireVersion=7, maxDocumentSize=16777216, roundTripTimeNanos=505022}
20:28:37.187 [pool-2-thread-2] INFO  org.mongodb.driver.connection - Opened connection [connectionId{localValue:44, serverValue:409}] to localhost:27017
20:28:47.201 [nioEventLoopGroup-1-2] INFO  server.ServerHandler - Store information to the database in ten seconds
20:28:47.213 [pool-2-thread-1] INFO  org.mongodb.driver.cluster - Cluster created with settings {hosts=[localhost:27017], mode=SINGLE, requiredClusterType=UNKNOWN, serverSelectionTimeout='30000 ms', maxWaitQueueSize=500}
20:28:47.217 [pool-2-thread-1] INFO  businessthread.BusinessThread - Connect to database successfully.
20:28:47.218 [pool-2-thread-1] INFO  org.mongodb.driver.cluster - No server chosen by ReadPreferenceServerSelector{readPreference=primary} from cluster description ClusterDescription{type=UNKNOWN, connectionMode=SINGLE, serverDescriptions=[ServerDescription{address=localhost:27017, type=UNKNOWN, state=CONNECTING}]}. Waiting for 30000 ms before timing out
20:28:47.220 [cluster-ClusterId{value='5caf32ff8c4762120bb53cfc', description='null'}-localhost:27017] INFO  org.mongodb.driver.connection - Opened connection [connectionId{localValue:45, serverValue:410}] to localhost:27017
20:28:47.220 [cluster-ClusterId{value='5caf32ff8c4762120bb53cfc', description='null'}-localhost:27017] INFO  org.mongodb.driver.cluster - Monitor thread successfully connected to server with description ServerDescription{address=localhost:27017, type=STANDALONE, state=CONNECTED, ok=true, version=ServerVersion{versionList=[4, 0, 8]}, minWireVersion=0, maxWireVersion=7, maxDocumentSize=16777216, roundTripTimeNanos=284634}
20:28:47.224 [pool-2-thread-1] INFO  org.mongodb.driver.connection - Opened connection [connectionId{localValue:46, serverValue:411}] to localhost:27017
20:28:57.228 [nioEventLoopGroup-1-1] INFO  server.ServerHandler - Store information to the database in ten seconds
20:28:57.237 [pool-2-thread-2] INFO  org.mongodb.driver.cluster - Cluster created with settings {hosts=[localhost:27017], mode=SINGLE, requiredClusterType=UNKNOWN, serverSelectionTimeout='30000 ms', maxWaitQueueSize=500}
20:28:57.239 [pool-2-thread-2] INFO  businessthread.BusinessThread - Connect to database successfully.
20:28:57.240 [pool-2-thread-2] INFO  org.mongodb.driver.cluster - No server chosen by ReadPreferenceServerSelector{readPreference=primary} from cluster description ClusterDescription{type=UNKNOWN, connectionMode=SINGLE, serverDescriptions=[ServerDescription{address=localhost:27017, type=UNKNOWN, state=CONNECTING}]}. Waiting for 30000 ms before timing out
20:28:57.243 [cluster-ClusterId{value='5caf33098c4762120bb53cfd', description='null'}-localhost:27017] INFO  org.mongodb.driver.connection - Opened connection [connectionId{localValue:47, serverValue:412}] to localhost:27017
20:28:57.244 [cluster-ClusterId{value='5caf33098c4762120bb53cfd', description='null'}-localhost:27017] INFO  org.mongodb.driver.cluster - Monitor thread successfully connected to server with description ServerDescription{address=localhost:27017, type=STANDALONE, state=CONNECTED, ok=true, version=ServerVersion{versionList=[4, 0, 8]}, minWireVersion=0, maxWireVersion=7, maxDocumentSize=16777216, roundTripTimeNanos=766235}
20:28:57.247 [pool-2-thread-2] INFO  org.mongodb.driver.connection - Opened connection [connectionId{localValue:48, serverValue:413}] to localhost:27017
20:29:07.251 [nioEventLoopGroup-1-2] INFO  server.ServerHandler - Store information to the database in ten seconds
20:29:07.260 [pool-2-thread-1] INFO  org.mongodb.driver.cluster - Cluster created with settings {hosts=[localhost:27017], mode=SINGLE, requiredClusterType=UNKNOWN, serverSelectionTimeout='30000 ms', maxWaitQueueSize=500}
20:29:07.262 [pool-2-thread-1] INFO  businessthread.BusinessThread - Connect to database successfully.
20:29:07.263 [pool-2-thread-1] INFO  org.mongodb.driver.cluster - No server chosen by ReadPreferenceServerSelector{readPreference=primary} from cluster description ClusterDescription{type=UNKNOWN, connectionMode=SINGLE, serverDescriptions=[ServerDescription{address=localhost:27017, type=UNKNOWN, state=CONNECTING}]}. Waiting for 30000 ms before timing out
20:29:07.266 [cluster-ClusterId{value='5caf33138c4762120bb53cfe', description='null'}-localhost:27017] INFO  org.mongodb.driver.connection - Opened connection [connectionId{localValue:49, serverValue:414}] to localhost:27017
20:29:07.267 [cluster-ClusterId{value='5caf33138c4762120bb53cfe', description='null'}-localhost:27017] INFO  org.mongodb.driver.cluster - Monitor thread successfully connected to server with description ServerDescription{address=localhost:27017, type=STANDALONE, state=CONNECTED, ok=true, version=ServerVersion{versionList=[4, 0, 8]}, minWireVersion=0, maxWireVersion=7, maxDocumentSize=16777216, roundTripTimeNanos=354080}
20:29:07.269 [pool-2-thread-1] INFO  org.mongodb.driver.connection - Opened connection [connectionId{localValue:50, serverValue:415}] to localhost:27017
20:29:17.275 [nioEventLoopGroup-1-2] INFO  server.ServerHandler - Store information to the database in ten seconds
20:29:17.276 [pool-2-thread-2] INFO  org.mongodb.driver.cluster - Cluster created with settings {hosts=[localhost:27017], mode=SINGLE, requiredClusterType=UNKNOWN, serverSelectionTimeout='30000 ms', maxWaitQueueSize=500}
20:29:17.281 [pool-2-thread-2] INFO  businessthread.BusinessThread - Connect to database successfully.
20:29:17.281 [pool-2-thread-2] INFO  org.mongodb.driver.cluster - No server chosen by ReadPreferenceServerSelector{readPreference=primary} from cluster description ClusterDescription{type=UNKNOWN, connectionMode=SINGLE, serverDescriptions=[ServerDescription{address=localhost:27017, type=UNKNOWN, state=CONNECTING}]}. Waiting for 30000 ms before timing out
20:29:17.283 [cluster-ClusterId{value='5caf331d8c4762120bb53cff', description='null'}-localhost:27017] INFO  org.mongodb.driver.connection - Opened connection [connectionId{localValue:51, serverValue:416}] to localhost:27017
20:29:17.283 [cluster-ClusterId{value='5caf331d8c4762120bb53cff', description='null'}-localhost:27017] INFO  org.mongodb.driver.cluster - Monitor thread successfully connected to server with description ServerDescription{address=localhost:27017, type=STANDALONE, state=CONNECTED, ok=true, version=ServerVersion{versionList=[4, 0, 8]}, minWireVersion=0, maxWireVersion=7, maxDocumentSize=16777216, roundTripTimeNanos=241780}
20:29:17.288 [pool-2-thread-2] INFO  org.mongodb.driver.connection - Opened connection [connectionId{localValue:52, serverValue:417}] to localhost:27017
20:29:27.308 [nioEventLoopGroup-1-4] INFO  server.ServerHandler - Store information to the database in ten seconds
20:29:27.316 [pool-2-thread-1] INFO  org.mongodb.driver.cluster - Cluster created with settings {hosts=[localhost:27017], mode=SINGLE, requiredClusterType=UNKNOWN, serverSelectionTimeout='30000 ms', maxWaitQueueSize=500}
20:29:27.318 [pool-2-thread-1] INFO  businessthread.BusinessThread - Connect to database successfully.
20:29:27.319 [pool-2-thread-1] INFO  org.mongodb.driver.cluster - No server chosen by ReadPreferenceServerSelector{readPreference=primary} from cluster description ClusterDescription{type=UNKNOWN, connectionMode=SINGLE, serverDescriptions=[ServerDescription{address=localhost:27017, type=UNKNOWN, state=CONNECTING}]}. Waiting for 30000 ms before timing out
20:29:27.321 [cluster-ClusterId{value='5caf33278c4762120bb53d00', description='null'}-localhost:27017] INFO  org.mongodb.driver.connection - Opened connection [connectionId{localValue:53, serverValue:418}] to localhost:27017
20:29:27.322 [cluster-ClusterId{value='5caf33278c4762120bb53d00', description='null'}-localhost:27017] INFO  org.mongodb.driver.cluster - Monitor thread successfully connected to server with description ServerDescription{address=localhost:27017, type=STANDALONE, state=CONNECTED, ok=true, version=ServerVersion{versionList=[4, 0, 8]}, minWireVersion=0, maxWireVersion=7, maxDocumentSize=16777216, roundTripTimeNanos=515790}
20:29:27.326 [pool-2-thread-1] INFO  org.mongodb.driver.connection - Opened connection [connectionId{localValue:54, serverValue:419}] to localhost:27017
20:29:35.621 [main] INFO  server.Server - server started sucessfully.
20:29:39.544 [nioEventLoopGroup-1-0] INFO  server.ServerHandler - [/127.0.0.1:57652] Client connection
20:29:39.586 [nioEventLoopGroup-1-0] INFO  server.ServerHandler - Login request
20:29:39.593 [pool-2-thread-1] INFO  businessthread.BusinessThread - Client login request
20:29:39.963 [pool-2-thread-1] INFO  org.mongodb.driver.cluster - Cluster created with settings {hosts=[localhost:27017], mode=SINGLE, requiredClusterType=UNKNOWN, serverSelectionTimeout='30000 ms', maxWaitQueueSize=500}
20:29:40.069 [pool-2-thread-1] INFO  businessthread.BusinessThread - Connect to database successfully.
20:29:40.094 [pool-2-thread-1] INFO  org.mongodb.driver.cluster - No server chosen by ReadPreferenceServerSelector{readPreference=primary} from cluster description ClusterDescription{type=UNKNOWN, connectionMode=SINGLE, serverDescriptions=[ServerDescription{address=localhost:27017, type=UNKNOWN, state=CONNECTING}]}. Waiting for 30000 ms before timing out
20:29:40.098 [cluster-ClusterId{value='5caf33338c47621210d62bf0', description='null'}-localhost:27017] INFO  org.mongodb.driver.connection - Opened connection [connectionId{localValue:1, serverValue:420}] to localhost:27017
20:29:40.101 [cluster-ClusterId{value='5caf33338c47621210d62bf0', description='null'}-localhost:27017] INFO  org.mongodb.driver.cluster - Monitor thread successfully connected to server with description ServerDescription{address=localhost:27017, type=STANDALONE, state=CONNECTED, ok=true, version=ServerVersion{versionList=[4, 0, 8]}, minWireVersion=0, maxWireVersion=7, maxDocumentSize=16777216, roundTripTimeNanos=792227}
20:29:40.108 [pool-2-thread-1] INFO  org.mongodb.driver.connection - Opened connection [connectionId{localValue:2, serverValue:421}] to localhost:27017
20:29:40.151 [nioEventLoopGroup-0-0] INFO  client.Client - Successful connection.
20:29:50.196 [nioEventLoopGroup-1-0] INFO  server.ServerHandler - Store information to the database in ten seconds
20:29:50.198 [pool-2-thread-2] INFO  org.mongodb.driver.cluster - Cluster created with settings {hosts=[localhost:27017], mode=SINGLE, requiredClusterType=UNKNOWN, serverSelectionTimeout='30000 ms', maxWaitQueueSize=500}
20:29:50.202 [pool-2-thread-2] INFO  businessthread.BusinessThread - Connect to database successfully.
20:29:50.203 [pool-2-thread-2] INFO  org.mongodb.driver.cluster - No server chosen by ReadPreferenceServerSelector{readPreference=primary} from cluster description ClusterDescription{type=UNKNOWN, connectionMode=SINGLE, serverDescriptions=[ServerDescription{address=localhost:27017, type=UNKNOWN, state=CONNECTING}]}. Waiting for 30000 ms before timing out
20:29:50.207 [cluster-ClusterId{value='5caf333e8c47621210d62bf1', description='null'}-localhost:27017] INFO  org.mongodb.driver.connection - Opened connection [connectionId{localValue:3, serverValue:422}] to localhost:27017
20:29:50.208 [cluster-ClusterId{value='5caf333e8c47621210d62bf1', description='null'}-localhost:27017] INFO  org.mongodb.driver.cluster - Monitor thread successfully connected to server with description ServerDescription{address=localhost:27017, type=STANDALONE, state=CONNECTED, ok=true, version=ServerVersion{versionList=[4, 0, 8]}, minWireVersion=0, maxWireVersion=7, maxDocumentSize=16777216, roundTripTimeNanos=599184}
20:29:50.212 [pool-2-thread-2] INFO  org.mongodb.driver.connection - Opened connection [connectionId{localValue:4, serverValue:423}] to localhost:27017
20:30:00.218 [nioEventLoopGroup-1-1] INFO  server.ServerHandler - Store information to the database in ten seconds
20:30:00.221 [pool-2-thread-1] INFO  org.mongodb.driver.cluster - Cluster created with settings {hosts=[localhost:27017], mode=SINGLE, requiredClusterType=UNKNOWN, serverSelectionTimeout='30000 ms', maxWaitQueueSize=500}
20:30:00.226 [pool-2-thread-1] INFO  businessthread.BusinessThread - Connect to database successfully.
20:30:00.227 [pool-2-thread-1] INFO  org.mongodb.driver.cluster - No server chosen by ReadPreferenceServerSelector{readPreference=primary} from cluster description ClusterDescription{type=UNKNOWN, connectionMode=SINGLE, serverDescriptions=[ServerDescription{address=localhost:27017, type=UNKNOWN, state=CONNECTING}]}. Waiting for 30000 ms before timing out
20:30:00.233 [cluster-ClusterId{value='5caf33488c47621210d62bf2', description='null'}-localhost:27017] INFO  org.mongodb.driver.connection - Opened connection [connectionId{localValue:5, serverValue:424}] to localhost:27017
20:30:00.234 [cluster-ClusterId{value='5caf33488c47621210d62bf2', description='null'}-localhost:27017] INFO  org.mongodb.driver.cluster - Monitor thread successfully connected to server with description ServerDescription{address=localhost:27017, type=STANDALONE, state=CONNECTED, ok=true, version=ServerVersion{versionList=[4, 0, 8]}, minWireVersion=0, maxWireVersion=7, maxDocumentSize=16777216, roundTripTimeNanos=834593}
20:30:00.238 [pool-2-thread-1] INFO  org.mongodb.driver.connection - Opened connection [connectionId{localValue:6, serverValue:425}] to localhost:27017
20:30:10.222 [nioEventLoopGroup-1-0] INFO  server.ServerHandler - [/127.0.0.1:57652] Delete this from the group
20:36:06.774 [main] INFO  server.Server - server started sucessfully.
